Vivado Simulator 2019.2
Time resolution is 1 ps
                   0 pc:xxxxxxxx
                   0 offset=xxxxxxxxxxxxxxxxxxxxxxxxxxxxxxxx
                   0 regts[2]=         x
                   0 regts[3]=         x
                   0 regts[4]=         x
                   0 regts[5]=         x
                   0 regts[6]=         x
                   0 regts[7]=         x
                   0 sign_ext=x
                   0 immediate_32=xxxxxxxx
                   0 alu:a=         x,b=xxxxxxxx,operation=0bxxxx
                   0 alu:f=         x,z=0bx
                   0 rom:instrument=xxxxxxxx
                   0 R ram[   x]=         x
                   0 W ram[   x]=         x
                   0 we=x, addr=   x, wdata=         x, ram[512]=   x
                   0 rdata=         x
                   0result is 0x         x
                   2 pc:00000000
                   2 rom:instrument=34040400
                   2 we=0, addr=1024, wdata=         x, ram[512]=   x
                   2 sign_ext=0
                   2 alu:a=         0,b=00000400,operation=0b0100
                   2 W ram[1024]=         x
                   2 immediate_32=00000400
                   2 offset=00000000000000000000010000000000
                   2 alu:f=      1024,z=0b0
                   2 R ram[1024]=         X
                   2 rdata=         X
                   3 regts[4]=      1024
                   3 W ram[1024]=      1024
                   3 we=0, addr=1024, wdata=      1024, ram[512]=   x
                   6 pc:00000004
                   6 rom:instrument=ac841e00
                   6 immediate_32=00001e00
                   6 alu:a=      1024,b=00001e00,operation=0b0001
                   6 offset=00000000000000000001111000000000
                   6 we=1, addr= 512, wdata=      1024, ram[512]=   x
                   6 alu:f=      8704,z=0b0
                   6 R ram[ 512]=         X
                   6 W ram[ 512]=      1024
                   7 we=1, addr= 512, wdata=      1024, ram[512]=1024
                   7 R ram[ 512]=      1024
                   7 rdata=      1024
                  10 pc:00000008
                  10 rom:instrument=34040001
                  10 we=0, addr=   1, wdata=      1024, ram[512]=1024
                  10 immediate_32=00000001
                  10 alu:a=         0,b=00000001,operation=0b0100
                  10 offset=00000000000000000000000000000001
                  10 alu:f=         1,z=0b0
                  10 R ram[   1]=         X
                  10 W ram[   1]=      1024
                  10 rdata=         X
                  11 regts[4]=         1
                  11 W ram[   1]=         1
                  11 we=0, addr=   1, wdata=         1, ram[512]=1024
                  14 pc:0000000c
                  14 rom:instrument=8c078000
                  14 immediate_32=00008000
                  14 alu:a=         0,b=00008000,operation=0b0001
                  14 W ram[   0]=         x
                  14 we=0, addr=   0, wdata=         x, ram[512]=1024
                  14 offset=00000000000000001000000000000000
                  14 alu:f=     32768,z=0b0
                  14 R ram[   0]=         X
                  15 regts[7]=        10
                  15 W ram[   0]=        10
                  15 we=0, addr=   0, wdata=        10, ram[512]=1024
                  18 pc:00000010
                  18 rom:instrument=34060001
                  18 immediate_32=00000001
                  18 alu:a=         0,b=00000001,operation=0b0100
                  18 W ram[   1]=         x
                  18 we=0, addr=   1, wdata=         x, ram[512]=1024
                  18 offset=00000000000000000000000000000001
                  18 alu:f=         1,z=0b0
                  18 R ram[   1]=         X
                  19 regts[6]=         1
                  19 W ram[   1]=         1
                  19 we=0, addr=   1, wdata=         1, ram[512]=1024
                  22 pc:00000014
                  22 rom:instrument=10e60006
                  22 immediate_32=00000006
                  22 alu:a=        10,b=00000001,operation=0b0010
                  22 sign_ext=1
                  22 offset=00000000000000000000000000000110
                  22 alu:f=         9,z=0b0
                  22 R ram[   9]=         X
                  22 W ram[   9]=         1
                  22 we=0, addr=   9, wdata=         1, ram[512]=1024
                  26 pc:00000018
                  26 rom:instrument=00641020
                  26 immediate_32=00000000
                  26 sign_ext=0
                  26 alu:a=         x,b=00000001,operation=0b0001
                  26 offset=00000000000000000000000000000000
                  26 alu:f=         x,z=0bx
                  26 R ram[   x]=         X
                  26 W ram[   x]=         1
                  26 we=0, addr=   x, wdata=         1, ram[512]=1024
                  30 pc:0000001c
                  30 rom:instrument=20830000
                  30 sign_ext=1
                  30 W ram[   1]=         x
                  30 we=0, addr=   1, wdata=         x, ram[512]=1024
                  30 alu:a=         1,b=00000000,operation=0b0001
                  30 alu:f=         1,z=0b0
                  30 R ram[   1]=         X
                  31 regts[3]=         1
                  31 W ram[   1]=         1
                  31 we=0, addr=   1, wdata=         1, ram[512]=1024
                  34 pc:00000020
                  34 rom:instrument=20440000
                  34 alu:a=         x,b=00000000,operation=0b0001
                  34 alu:f=         x,z=0bx
                  34 R ram[   x]=         X
                  34 W ram[   x]=         1
                  34 we=0, addr=   x, wdata=         1, ram[512]=1024
                  35 regts[4]=         x
                  35 W ram[   x]=         x
                  35 we=0, addr=   x, wdata=         x, ram[512]=1024
                  38 pc:00000024
                  38 rom:instrument=20e7ffff
                  38 immediate_32=ffffffff
                  38 W ram[   9]=        10
                  38 we=0, addr=   9, wdata=        10, ram[512]=1024
                  38 offset=11111111111111111111111111111111
                  38 alu:a=        10,b=ffffffff,operation=0b0001
                  38 alu:f=         9,z=0b0
                  38 R ram[   9]=         X
                  39 regts[7]=         9
                  39 W ram[   8]=         9
                  39 we=0, addr=   8, wdata=         9, ram[512]=1024
                  39 alu:a=         9,b=ffffffff,operation=0b0001
                  39 alu:f=         8,z=0b0
                  39 R ram[   8]=         X
                  42 pc:00000028
                  42 rom:instrument=14e6fffc
                  42 immediate_32=fffffffc
                  42 alu:a=         9,b=00000001,operation=0b0010
                  42 W ram[   8]=         1
                  42 we=0, addr=   8, wdata=         1, ram[512]=1024
                  42 offset=11111111111111111111111111111100
                  46 pc:00000018
                  46 rom:instrument=00641020
                  46 immediate_32=00000000
                  46 sign_ext=0
                  46 alu:a=         1,b=xxxxxxxx,operation=0b0001
                  46 W ram[   x]=         x
                  46 we=0, addr=   x, wdata=         x, ram[512]=1024
                  46 offset=00000000000000000000000000000000
                  46 alu:f=         x,z=0bx
                  46 R ram[   x]=         X
                  50 pc:0000001c
                  50 rom:instrument=20830000
                  50 sign_ext=1
                  50 W ram[   x]=         1
                  50 we=0, addr=   x, wdata=         1, ram[512]=1024
                  50 alu:a=         x,b=00000000,operation=0b0001
                  51 regts[3]=         x
                  51 W ram[   x]=         x
                  51 we=0, addr=   x, wdata=         x, ram[512]=1024
                  54 pc:00000020
                  54 rom:instrument=20440000
                  58 pc:00000024
                  58 rom:instrument=20e7ffff
                  58 immediate_32=ffffffff
                  58 W ram[   8]=         9
                  58 we=0, addr=   8, wdata=         9, ram[512]=1024
                  58 offset=11111111111111111111111111111111
                  58 alu:a=         9,b=ffffffff,operation=0b0001
                  58 alu:f=         8,z=0b0
                  58 R ram[   8]=         X
                  59 regts[7]=         8
                  59 W ram[   7]=         8
                  59 we=0, addr=   7, wdata=         8, ram[512]=1024
                  59 alu:a=         8,b=ffffffff,operation=0b0001
                  59 alu:f=         7,z=0b0
                  59 R ram[   7]=         X
                  62 pc:00000028
                  62 rom:instrument=14e6fffc
                  62 immediate_32=fffffffc
                  62 alu:a=         8,b=00000001,operation=0b0010
                  62 W ram[   7]=         1
                  62 we=0, addr=   7, wdata=         1, ram[512]=1024
                  62 offset=11111111111111111111111111111100
                  66 pc:00000018
                  66 rom:instrument=00641020
                  66 immediate_32=00000000
                  66 sign_ext=0
                  66 alu:a=         x,b=xxxxxxxx,operation=0b0001
                  66 W ram[   x]=         x
                  66 we=0, addr=   x, wdata=         x, ram[512]=1024
                  66 offset=00000000000000000000000000000000
                  66 alu:f=         x,z=0bx
                  66 R ram[   x]=         X
                  70 pc:0000001c
                  70 rom:instrument=20830000
                  70 sign_ext=1
                  70 alu:a=         x,b=00000000,operation=0b0001
                  74 pc:00000020
                  74 rom:instrument=20440000
                  78 pc:00000024
                  78 rom:instrument=20e7ffff
                  78 immediate_32=ffffffff
                  78 W ram[   7]=         8
                  78 we=0, addr=   7, wdata=         8, ram[512]=1024
                  78 offset=11111111111111111111111111111111
                  78 alu:a=         8,b=ffffffff,operation=0b0001
                  78 alu:f=         7,z=0b0
                  78 R ram[   7]=         X
                  79 regts[7]=         7
                  79 W ram[   6]=         7
                  79 we=0, addr=   6, wdata=         7, ram[512]=1024
                  79 alu:a=         7,b=ffffffff,operation=0b0001
                  79 alu:f=         6,z=0b0
                  79 R ram[   6]=         X
                  82 pc:00000028
                  82 rom:instrument=14e6fffc
                  82 immediate_32=fffffffc
                  82 alu:a=         7,b=00000001,operation=0b0010
                  82 W ram[   6]=         1
                  82 we=0, addr=   6, wdata=         1, ram[512]=1024
                  82 offset=11111111111111111111111111111100
                  86 pc:00000018
                  86 rom:instrument=00641020
                  86 immediate_32=00000000
                  86 sign_ext=0
                  86 alu:a=         x,b=xxxxxxxx,operation=0b0001
                  86 W ram[   x]=         x
                  86 we=0, addr=   x, wdata=         x, ram[512]=1024
                  86 offset=00000000000000000000000000000000
                  86 alu:f=         x,z=0bx
                  86 R ram[   x]=         X
                  90 pc:0000001c
                  90 rom:instrument=20830000
                  90 sign_ext=1
                  90 alu:a=         x,b=00000000,operation=0b0001
                  94 pc:00000020
                  94 rom:instrument=20440000
                  98 pc:00000024
                  98 rom:instrument=20e7ffff
                  98 immediate_32=ffffffff
                  98 W ram[   6]=         7
                  98 we=0, addr=   6, wdata=         7, ram[512]=1024
                  98 offset=11111111111111111111111111111111
                  98 alu:a=         7,b=ffffffff,operation=0b0001
                  98 alu:f=         6,z=0b0
                  98 R ram[   6]=         X
                  99 regts[7]=         6
                  99 W ram[   5]=         6
                  99 we=0, addr=   5, wdata=         6, ram[512]=1024
                  99 alu:a=         6,b=ffffffff,operation=0b0001
                  99 alu:f=         5,z=0b0
                  99 R ram[   5]=         X
                 102 pc:00000028
                 102 rom:instrument=14e6fffc
                 102 immediate_32=fffffffc
                 102 alu:a=         6,b=00000001,operation=0b0010
                 102 W ram[   5]=         1
                 102 we=0, addr=   5, wdata=         1, ram[512]=1024
                 102 offset=11111111111111111111111111111100
                 106 pc:00000018
                 106 rom:instrument=00641020
                 106 immediate_32=00000000
                 106 sign_ext=0
                 106 alu:a=         x,b=xxxxxxxx,operation=0b0001
                 106 W ram[   x]=         x
                 106 we=0, addr=   x, wdata=         x, ram[512]=1024
                 106 offset=00000000000000000000000000000000
                 106 alu:f=         x,z=0bx
                 106 R ram[   x]=         X
                 110 pc:0000001c
                 110 rom:instrument=20830000
                 110 sign_ext=1
                 110 alu:a=         x,b=00000000,operation=0b0001
                 114 pc:00000020
                 114 rom:instrument=20440000
                 118 pc:00000024
                 118 rom:instrument=20e7ffff
                 118 immediate_32=ffffffff
                 118 W ram[   5]=         6
                 118 we=0, addr=   5, wdata=         6, ram[512]=1024
                 118 offset=11111111111111111111111111111111
                 118 alu:a=         6,b=ffffffff,operation=0b0001
                 118 alu:f=         5,z=0b0
                 118 R ram[   5]=         X
                 119 regts[7]=         5
                 119 W ram[   4]=         5
                 119 we=0, addr=   4, wdata=         5, ram[512]=1024
                 119 alu:a=         5,b=ffffffff,operation=0b0001
                 119 alu:f=         4,z=0b0
                 119 R ram[   4]=         X
                 122 pc:00000028
                 122 rom:instrument=14e6fffc
                 122 immediate_32=fffffffc
                 122 alu:a=         5,b=00000001,operation=0b0010
                 122 W ram[   4]=         1
                 122 we=0, addr=   4, wdata=         1, ram[512]=1024
                 122 offset=11111111111111111111111111111100
                 126 pc:00000018
                 126 rom:instrument=00641020
                 126 immediate_32=00000000
                 126 sign_ext=0
                 126 alu:a=         x,b=xxxxxxxx,operation=0b0001
                 126 W ram[   x]=         x
                 126 we=0, addr=   x, wdata=         x, ram[512]=1024
                 126 offset=00000000000000000000000000000000
                 126 alu:f=         x,z=0bx
                 126 R ram[   x]=         X
                 130 pc:0000001c
                 130 rom:instrument=20830000
                 130 sign_ext=1
                 130 alu:a=         x,b=00000000,operation=0b0001
                 134 pc:00000020
                 134 rom:instrument=20440000
                 138 pc:00000024
                 138 rom:instrument=20e7ffff
                 138 immediate_32=ffffffff
                 138 W ram[   4]=         5
                 138 we=0, addr=   4, wdata=         5, ram[512]=1024
                 138 offset=11111111111111111111111111111111
                 138 alu:a=         5,b=ffffffff,operation=0b0001
                 138 alu:f=         4,z=0b0
                 138 R ram[   4]=         X
                 139 regts[7]=         4
                 139 W ram[   3]=         4
                 139 we=0, addr=   3, wdata=         4, ram[512]=1024
                 139 alu:a=         4,b=ffffffff,operation=0b0001
                 139 alu:f=         3,z=0b0
                 139 R ram[   3]=         X
                 142 pc:00000028
                 142 rom:instrument=14e6fffc
                 142 immediate_32=fffffffc
                 142 alu:a=         4,b=00000001,operation=0b0010
                 142 W ram[   3]=         1
                 142 we=0, addr=   3, wdata=         1, ram[512]=1024
                 142 offset=11111111111111111111111111111100
                 146 pc:00000018
                 146 rom:instrument=00641020
                 146 immediate_32=00000000
                 146 sign_ext=0
                 146 alu:a=         x,b=xxxxxxxx,operation=0b0001
                 146 W ram[   x]=         x
                 146 we=0, addr=   x, wdata=         x, ram[512]=1024
                 146 offset=00000000000000000000000000000000
                 146 alu:f=         x,z=0bx
                 146 R ram[   x]=         X
                 150 pc:0000001c
                 150 rom:instrument=20830000
                 150 sign_ext=1
                 150 alu:a=         x,b=00000000,operation=0b0001
                 154 pc:00000020
                 154 rom:instrument=20440000
                 158 pc:00000024
                 158 rom:instrument=20e7ffff
                 158 immediate_32=ffffffff
                 158 W ram[   3]=         4
                 158 we=0, addr=   3, wdata=         4, ram[512]=1024
                 158 offset=11111111111111111111111111111111
                 158 alu:a=         4,b=ffffffff,operation=0b0001
                 158 alu:f=         3,z=0b0
                 158 R ram[   3]=         X
                 159 regts[7]=         3
                 159 W ram[   2]=         3
                 159 we=0, addr=   2, wdata=         3, ram[512]=1024
                 159 alu:a=         3,b=ffffffff,operation=0b0001
                 159 alu:f=         2,z=0b0
                 159 R ram[   2]=         X
                 162 pc:00000028
                 162 rom:instrument=14e6fffc
                 162 immediate_32=fffffffc
                 162 alu:a=         3,b=00000001,operation=0b0010
                 162 W ram[   2]=         1
                 162 we=0, addr=   2, wdata=         1, ram[512]=1024
                 162 offset=11111111111111111111111111111100
                 166 pc:00000018
                 166 rom:instrument=00641020
                 166 immediate_32=00000000
                 166 sign_ext=0
                 166 alu:a=         x,b=xxxxxxxx,operation=0b0001
                 166 W ram[   x]=         x
                 166 we=0, addr=   x, wdata=         x, ram[512]=1024
                 166 offset=00000000000000000000000000000000
                 166 alu:f=         x,z=0bx
                 166 R ram[   x]=         X
                 170 pc:0000001c
                 170 rom:instrument=20830000
                 170 sign_ext=1
                 170 alu:a=         x,b=00000000,operation=0b0001
                 174 pc:00000020
                 174 rom:instrument=20440000
                 178 pc:00000024
                 178 rom:instrument=20e7ffff
                 178 immediate_32=ffffffff
                 178 W ram[   2]=         3
                 178 we=0, addr=   2, wdata=         3, ram[512]=1024
                 178 offset=11111111111111111111111111111111
                 178 alu:a=         3,b=ffffffff,operation=0b0001
                 178 alu:f=         2,z=0b0
                 178 R ram[   2]=         X
                 179 regts[7]=         2
                 179 W ram[   1]=         2
                 179 we=0, addr=   1, wdata=         2, ram[512]=1024
                 179 alu:a=         2,b=ffffffff,operation=0b0001
                 179 alu:f=         1,z=0b0
                 179 R ram[   1]=         X
                 182 pc:00000028
                 182 rom:instrument=14e6fffc
                 182 immediate_32=fffffffc
                 182 alu:a=         2,b=00000001,operation=0b0010
                 182 W ram[   1]=         1
                 182 we=0, addr=   1, wdata=         1, ram[512]=1024
                 182 offset=11111111111111111111111111111100
                 186 pc:00000018
                 186 rom:instrument=00641020
                 186 immediate_32=00000000
                 186 sign_ext=0
                 186 alu:a=         x,b=xxxxxxxx,operation=0b0001
                 186 W ram[   x]=         x
                 186 we=0, addr=   x, wdata=         x, ram[512]=1024
                 186 offset=00000000000000000000000000000000
                 186 alu:f=         x,z=0bx
                 186 R ram[   x]=         X
                 190 pc:0000001c
                 190 rom:instrument=20830000
                 190 sign_ext=1
                 190 alu:a=         x,b=00000000,operation=0b0001
                 194 pc:00000020
                 194 rom:instrument=20440000
                 198 pc:00000024
                 198 rom:instrument=20e7ffff
                 198 immediate_32=ffffffff
                 198 W ram[   1]=         2
                 198 we=0, addr=   1, wdata=         2, ram[512]=1024
                 198 offset=11111111111111111111111111111111
                 198 alu:a=         2,b=ffffffff,operation=0b0001
                 198 alu:f=         1,z=0b0
                 198 R ram[   1]=         X
                 199 regts[7]=         1
                 199 W ram[   0]=         1
                 199 we=0, addr=   0, wdata=         1, ram[512]=1024
                 199 alu:a=         1,b=ffffffff,operation=0b0001
                 199 alu:f=         0,z=0b1
                 199 R ram[   0]=         X
                 202 pc:00000028
                 202 rom:instrument=14e6fffc
                 202 immediate_32=fffffffc
                 202 alu:a=         1,b=00000001,operation=0b0010
                 202 offset=11111111111111111111111111111100
                 206 pc:0000002c
                 206 rom:instrument=ac044000
                 206 immediate_32=00004000
                 206 sign_ext=0
                 206 alu:a=         0,b=00004000,operation=0b0001
                 206 W ram[   0]=         x
                 206 we=0, addr=   0, wdata=         x, ram[512]=1024
                 206 offset=00000000000000000100000000000000
                 206 alu:f=     16384,z=0b0
                 210 pc:00000030
                 214 pc:00000034
                 218 pc:00000038
                 222 pc:0000003c
                 226 pc:00000040
                 230 pc:00000044
                 234 pc:00000048
                 238 pc:0000004c
                 242 pc:00000050
                 246 pc:00000054
                 250 pc:00000058
                 254 pc:0000005c
                 258 pc:00000060
                 262 pc:00000064
                 266 pc:00000068
                 270 pc:0000006c
                 274 pc:00000070
                 278 pc:00000074
                 282 pc:00000078
                 286 pc:0000007c
                 290 pc:00000080
                 294 pc:00000084
                 298 pc:00000088
                 302 pc:0000008c
                 306 pc:00000090
                 310 pc:00000094
                 314 pc:00000098
                 318 pc:0000009c
                 322 pc:000000a0
                 326 pc:000000a4
                 330 pc:000000a8
                 334 pc:000000ac
                 338 pc:000000b0
                 342 pc:000000b4
                 346 pc:000000b8
                 350 pc:000000bc
                 354 pc:000000c0
                 358 pc:000000c4
                 362 pc:000000c8
                 366 pc:000000cc
                 370 pc:000000d0
                 374 pc:000000d4
                 378 pc:000000d8
                 382 pc:000000dc
                 386 pc:000000e0
                 390 pc:000000e4
                 394 pc:000000e8
                 398 pc:000000ec
                 402 pc:000000f0
                 406 pc:000000f4
                 410 pc:000000f8
                 414 pc:000000fc
                 418 pc:00000100
                 422 pc:00000104
                 426 pc:00000108
                 430 pc:0000010c
                 434 pc:00000110
                 438 pc:00000114
                 442 pc:00000118
                 446 pc:0000011c
                 450 pc:00000120
                 454 pc:00000124
                 458 pc:00000128
                 462 pc:0000012c
                 466 pc:00000130
                 470 pc:00000134
                 474 pc:00000138
                 478 pc:0000013c
                 482 pc:00000140
                 486 pc:00000144
                 490 pc:00000148
                 494 pc:0000014c
                 498 pc:00000150
                 502 pc:00000154
                 506 pc:00000158
                 510 pc:0000015c
                 514 pc:00000160
                 518 pc:00000164
                 522 pc:00000168
                 526 pc:0000016c
                 530 pc:00000170
                 534 pc:00000174
                 538 pc:00000178
                 542 pc:0000017c
                 546 pc:00000180
                 550 pc:00000184
                 554 pc:00000188
                 558 pc:0000018c
                 562 pc:00000190
                 566 pc:00000194
                 570 pc:00000198
                 574 pc:0000019c
                 578 pc:000001a0
                 582 pc:000001a4
                 586 pc:000001a8
                 590 pc:000001ac
                 594 pc:000001b0
                 598 pc:000001b4
                 602 pc:000001b8
                 606 pc:000001bc
                 610 pc:000001c0
                 614 pc:000001c4
                 618 pc:000001c8
                 622 pc:000001cc
                 626 pc:000001d0
                 630 pc:000001d4
                 634 pc:000001d8
                 638 pc:000001dc
                 642 pc:000001e0
                 646 pc:000001e4
                 650 pc:000001e8
                 654 pc:000001ec
                 658 pc:000001f0
                 662 pc:000001f4
                 666 pc:000001f8
                 670 pc:000001fc
                 674 pc:00000200
                 678 pc:00000204
                 682 pc:00000208
                 686 pc:0000020c
                 690 pc:00000210
                 694 pc:00000214
                 698 pc:00000218
                 702 pc:0000021c
                 706 pc:00000220
                 710 pc:00000224
                 714 pc:00000228
                 718 pc:0000022c
                 722 pc:00000230
                 726 pc:00000234
                 730 pc:00000238
                 734 pc:0000023c
                 738 pc:00000240
                 742 pc:00000244
                 746 pc:00000248
                 750 pc:0000024c
                 754 pc:00000250
                 758 pc:00000254
                 762 pc:00000258
                 766 pc:0000025c
                 770 pc:00000260
                 774 pc:00000264
                 778 pc:00000268
                 782 pc:0000026c
                 786 pc:00000270
                 790 pc:00000274
                 794 pc:00000278
                 798 pc:0000027c
                 802 pc:00000280
                 806 pc:00000284
                 810 pc:00000288
                 814 pc:0000028c
                 818 pc:00000290
                 822 pc:00000294
                 826 pc:00000298
                 830 pc:0000029c
                 834 pc:000002a0
                 838 pc:000002a4
                 842 pc:000002a8
                 846 pc:000002ac
                 850 pc:000002b0
                 854 pc:000002b4
                 858 pc:000002b8
                 862 pc:000002bc
                 866 pc:000002c0
                 870 pc:000002c4
                 874 pc:000002c8
                 878 pc:000002cc
                 882 pc:000002d0
                 886 pc:000002d4
                 890 pc:000002d8
                 894 pc:000002dc
                 898 pc:000002e0
                 902 pc:000002e4
                 906 pc:000002e8
                 910 pc:000002ec
                 914 pc:000002f0
                 918 pc:000002f4
                 922 pc:000002f8
                 926 pc:000002fc
                 930 pc:00000300
                 934 pc:00000304
                 938 pc:00000308
                 942 pc:0000030c
                 946 pc:00000310
                 950 pc:00000314
                 954 pc:00000318
                 958 pc:0000031c
                 962 pc:00000320
                 966 pc:00000324
                 970 pc:00000328
                 974 pc:0000032c
                 978 pc:00000330
                 982 pc:00000334
                 986 pc:00000338
                 990 pc:0000033c
                 994 pc:00000340
                 998 pc:00000344
